<?xml version="1.0" encoding="UTF-8"?>
<testsuite name="Compras en La Vaquita" tests="1" skipped="0" failures="1" errors="0" timestamp="2023-03-30T19:24:23" hostname="LAPTOP-87LGHN0U" time="29.047">
  <properties/>
  <testcase name="Compra de productos" classname="Compras en La Vaquita" time="29.047">
    <failure message="org.opentest4j.AssertionFailedError" type="org.opentest4j.AssertionFailedError">org.opentest4j.AssertionFailedError
	at app//org.junit.jupiter.api.AssertionUtils.fail(AssertionUtils.java:35)
	at app//org.junit.jupiter.api.Assertions.fail(Assertions.java:98)
	at app//com.sofkau.stepdefinitions.CompraStepDefinition.continuaConElProcesoLlenandoElFormularioYDaClickEnRealizarPedido(CompraStepDefinition.java:52)
	at ✽.continua con el proceso, llenando el formulario y da click en realizar pedido(file:///C:/Users/ivan0/Downloads/AutomatizacionVaquita/AutomatizacionLaVaquita/AutomatizacionLaVaquita/src/test/resources/features/comprar.feature:18)
</failure>
    <failure message="io.cucumber.junit.UndefinedStepException: The step &quot;sale un mensaje de gracias por su compra un numero de orden y un mensaje de envío por email&quot; is undefined. You can implement it using the snippet(s) below:&#10;&#10;@Entonces(&quot;sale un mensaje de gracias por su compra un numero de orden y un mensaje de envío por email&quot;)&#10;public void saleUnMensajeDeGraciasPorSuCompraUnNumeroDeOrdenYUnMensajeDeEnvíoPorEmail() {&#10;    // Write code here that turns the phrase above into concrete actions&#10;    throw new io.cucumber.java.PendingException();&#10;}&#10;" type="io.cucumber.junit.UndefinedStepException">io.cucumber.junit.UndefinedStepException: The step &quot;sale un mensaje de gracias por su compra un numero de orden y un mensaje de envío por email&quot; is undefined. You can implement it using the snippet(s) below:

@Entonces(&quot;sale un mensaje de gracias por su compra un numero de orden y un mensaje de envío por email&quot;)
public void saleUnMensajeDeGraciasPorSuCompraUnNumeroDeOrdenYUnMensajeDeEnvíoPorEmail() {
    // Write code here that turns the phrase above into concrete actions
    throw new io.cucumber.java.PendingException();
}

</failure>
  </testcase>
  <system-out><![CDATA[2023-03-30 14:24:50 INFO  CompraStepDefinition:50 fallo el proceso de finalizacion de la compra
2023-03-30 14:24:50 WARN  CompraStepDefinition:51 
]]></system-out>
  <system-err><![CDATA[Starting ChromeDriver 111.0.5563.64 (c710e93d5b63b7095afe8c2c17df34408078439d-refs/branch-heads/5563@{#995}) on port 40385
Only local connections are allowed.
Please see https://chromedriver.chromium.org/security-considerations for suggestions on keeping ChromeDriver safe.
ChromeDriver was started successfully.
mar. 30, 2023 2:24:26 P. M. org.openqa.selenium.remote.ProtocolHandshake createSession
INFORMACIÓN: Detected dialect: W3C
]]></system-err>
</testsuite>
