<?xml version="1.0" encoding="UTF-8"?>
<testsuite name="Compras en La Vaquita" tests="1" skipped="0" failures="1" errors="0" timestamp="2023-03-30T15:08:09" hostname="LAPTOP-87LGHN0U" time="14.096">
  <properties/>
  <testcase name="Compra de productos" classname="Compras en La Vaquita" time="14.096">
    <failure message="java.lang.AssertionError: Invalid URL: &quot;https://vaquitaexpress.com.co/&quot;" type="java.lang.AssertionError">java.lang.AssertionError: Invalid URL: &quot;https://vaquitaexpress.com.co/&quot;
	at net.serenitybdd.core.pages.PageUrls.verified(PageUrls.java:80)
	at net.serenitybdd.core.pages.PageUrls.getStartingUrl(PageUrls.java:56)
	at net.serenitybdd.core.pages.PageObject.open(PageObject.java:810)
	at net.serenitybdd.core.pages.PageObject.open(PageObject.java:799)
	at net.serenitybdd.screenplay.actions.OpenPage.performAs(OpenPage.java:22)
	at net.serenitybdd.screenplay.actions.OpenPage$ByteBuddy$CEfUMNQe.performAs$accessor$m3V9S4Gs(Unknown Source)
	at java.base/jdk.internal.reflect.NativeMethodAccessorImpl.invoke0(Native Method)
	at java.base/jdk.internal.reflect.NativeMethodAccessorImpl.invoke(NativeMethodAccessorImpl.java:62)
	at java.base/jdk.internal.reflect.DelegatingMethodAccessorImpl.invoke(DelegatingMethodAccessorImpl.java:43)
	at java.base/java.lang.reflect.Method.invoke(Method.java:566)
	at net.thucydides.core.steps.StepInterceptor.invokeMethod(StepInterceptor.java:488)
	at net.thucydides.core.steps.StepInterceptor.executeTestStepMethod(StepInterceptor.java:468)
	at net.thucydides.core.steps.StepInterceptor.runTestStep(StepInterceptor.java:441)
	at net.thucydides.core.steps.StepInterceptor.runOrSkipMethod(StepInterceptor.java:197)
	at net.thucydides.core.steps.StepInterceptor.testStepResult(StepInterceptor.java:184)
	at net.thucydides.core.steps.StepInterceptor.intercept(StepInterceptor.java:77)
	at net.thucydides.core.steps.ProxyConfiguration$InterceptorDispatcher.intercept(ProxyConfiguration.java:51)
	at net.serenitybdd.screenplay.actions.OpenPage$ByteBuddy$CEfUMNQe.performAs(Unknown Source)
	at net.serenitybdd.screenplay.Actor.performTask(Actor.java:248)
	at net.serenitybdd.screenplay.Actor.perform(Actor.java:229)
	at net.serenitybdd.screenplay.Actor.attemptsTo(Actor.java:175)
	at com.sofkau.tasks.AbrirPaginaInicial.performAs(AbrirPaginaInicial.java:10)
	at com.sofkau.tasks.AbrirPaginaInicial$ByteBuddy$sxLLrMgR.performAs$accessor$s7n66IpU(Unknown Source)
	at java.base/jdk.internal.reflect.NativeMethodAccessorImpl.invoke0(Native Method)
	at java.base/jdk.internal.reflect.NativeMethodAccessorImpl.invoke(NativeMethodAccessorImpl.java:62)
	at java.base/jdk.internal.reflect.DelegatingMethodAccessorImpl.invoke(DelegatingMethodAccessorImpl.java:43)
	at java.base/java.lang.reflect.Method.invoke(Method.java:566)
	at net.thucydides.core.steps.StepInterceptor.invokeMethod(StepInterceptor.java:488)
	at net.thucydides.core.steps.StepInterceptor.executeTestStepMethod(StepInterceptor.java:468)
	at net.thucydides.core.steps.StepInterceptor.runTestStep(StepInterceptor.java:441)
	at net.thucydides.core.steps.StepInterceptor.runOrSkipMethod(StepInterceptor.java:197)
	at net.thucydides.core.steps.StepInterceptor.testStepResult(StepInterceptor.java:184)
	at net.thucydides.core.steps.StepInterceptor.intercept(StepInterceptor.java:77)
	at net.thucydides.core.steps.ProxyConfiguration$InterceptorDispatcher.intercept(ProxyConfiguration.java:51)
	at com.sofkau.tasks.AbrirPaginaInicial$ByteBuddy$sxLLrMgR.performAs(Unknown Source)
	at net.serenitybdd.screenplay.Actor.performTask(Actor.java:248)
	at net.serenitybdd.screenplay.Actor.perform(Actor.java:229)
	at net.serenitybdd.screenplay.Actor.attemptsTo(Actor.java:175)
	at net.serenitybdd.screenplay.Actor.wasAbleTo(Actor.java:162)
	at com.sofkau.stepdefinitions.InicioSesionStepDefinitions.queElUsuarioEstaEnLaPaginaDeInicio(InicioSesionStepDefinitions.java:14)
	at ✽.que el usuario esta en la pagina de inicio(file:///C:/Users/ivan0/Downloads/AutomatizacionLaVaquita/AutomatizacionLaVaquita/src/test/resources/features/comprar.feature:11)
</failure>
    <failure message="io.cucumber.junit.UndefinedStepException: The step &quot;navega hasta la el formulario de inicio de sesion y completa los campos&quot; is undefined. You can implement it using the snippet(s) below:&#10;&#10;@Dado(&quot;navega hasta la el formulario de inicio de sesion y completa los campos&quot;)&#10;public void navegaHastaLaElFormularioDeInicioDeSesionYCompletaLosCampos() {&#10;    // Write code here that turns the phrase above into concrete actions&#10;    throw new io.cucumber.java.PendingException();&#10;}&#10;&#10;&#10;Some other steps were also undefined:&#10;&#10;@Cuando(&quot;busca arandanos y selecciona frutas y verduras en la categoria&quot;)&#10;public void buscaArandanosYSeleccionaFrutasYVerdurasEnLaCategoria() {&#10;    // Write code here that turns the phrase above into concrete actions&#10;    throw new io.cucumber.java.PendingException();&#10;}&#10;@Cuando(&quot;selecciona uno de ellos, va al carrito y modifica su cantidad&quot;)&#10;public void seleccionaUnoDeEllosVaAlCarritoYModificaSuCantidad() {&#10;    // Write code here that turns the phrase above into concrete actions&#10;    throw new io.cucumber.java.PendingException();&#10;}&#10;@Cuando(&quot;continua con el proceso, llenando el formulario y da click en realizar pedido&quot;)&#10;public void continuaConElProcesoLlenandoElFormularioYDaClickEnRealizarPedido() {&#10;    // Write code here that turns the phrase above into concrete actions&#10;    throw new io.cucumber.java.PendingException();&#10;}&#10;@Entonces(&quot;sale un mensaje de gracias por su compra un numero de orden y un mensaje de envío por email&quot;)&#10;public void saleUnMensajeDeGraciasPorSuCompraUnNumeroDeOrdenYUnMensajeDeEnvíoPorEmail() {&#10;    // Write code here that turns the phrase above into concrete actions&#10;    throw new io.cucumber.java.PendingException();&#10;}&#10;" type="io.cucumber.junit.UndefinedStepException">io.cucumber.junit.UndefinedStepException: The step &quot;navega hasta la el formulario de inicio de sesion y completa los campos&quot; is undefined. You can implement it using the snippet(s) below:

@Dado(&quot;navega hasta la el formulario de inicio de sesion y completa los campos&quot;)
public void navegaHastaLaElFormularioDeInicioDeSesionYCompletaLosCampos() {
    // Write code here that turns the phrase above into concrete actions
    throw new io.cucumber.java.PendingException();
}


Some other steps were also undefined:

@Cuando(&quot;busca arandanos y selecciona frutas y verduras en la categoria&quot;)
public void buscaArandanosYSeleccionaFrutasYVerdurasEnLaCategoria() {
    // Write code here that turns the phrase above into concrete actions
    throw new io.cucumber.java.PendingException();
}
@Cuando(&quot;selecciona uno de ellos, va al carrito y modifica su cantidad&quot;)
public void seleccionaUnoDeEllosVaAlCarritoYModificaSuCantidad() {
    // Write code here that turns the phrase above into concrete actions
    throw new io.cucumber.java.PendingException();
}
@Cuando(&quot;continua con el proceso, llenando el formulario y da click en realizar pedido&quot;)
public void continuaConElProcesoLlenandoElFormularioYDaClickEnRealizarPedido() {
    // Write code here that turns the phrase above into concrete actions
    throw new io.cucumber.java.PendingException();
}
@Entonces(&quot;sale un mensaje de gracias por su compra un numero de orden y un mensaje de envío por email&quot;)
public void saleUnMensajeDeGraciasPorSuCompraUnNumeroDeOrdenYUnMensajeDeEnvíoPorEmail() {
    // Write code here that turns the phrase above into concrete actions
    throw new io.cucumber.java.PendingException();
}

</failure>
    <failure message="io.cucumber.junit.UndefinedStepException: The step &quot;busca arandanos y selecciona frutas y verduras en la categoria&quot; is undefined. You can implement it using the snippet(s) below:&#10;&#10;@Cuando(&quot;busca arandanos y selecciona frutas y verduras en la categoria&quot;)&#10;public void buscaArandanosYSeleccionaFrutasYVerdurasEnLaCategoria() {&#10;    // Write code here that turns the phrase above into concrete actions&#10;    throw new io.cucumber.java.PendingException();&#10;}&#10;&#10;&#10;Some other steps were also undefined:&#10;&#10;@Cuando(&quot;selecciona uno de ellos, va al carrito y modifica su cantidad&quot;)&#10;public void seleccionaUnoDeEllosVaAlCarritoYModificaSuCantidad() {&#10;    // Write code here that turns the phrase above into concrete actions&#10;    throw new io.cucumber.java.PendingException();&#10;}&#10;@Cuando(&quot;continua con el proceso, llenando el formulario y da click en realizar pedido&quot;)&#10;public void continuaConElProcesoLlenandoElFormularioYDaClickEnRealizarPedido() {&#10;    // Write code here that turns the phrase above into concrete actions&#10;    throw new io.cucumber.java.PendingException();&#10;}&#10;@Entonces(&quot;sale un mensaje de gracias por su compra un numero de orden y un mensaje de envío por email&quot;)&#10;public void saleUnMensajeDeGraciasPorSuCompraUnNumeroDeOrdenYUnMensajeDeEnvíoPorEmail() {&#10;    // Write code here that turns the phrase above into concrete actions&#10;    throw new io.cucumber.java.PendingException();&#10;}&#10;" type="io.cucumber.junit.UndefinedStepException">io.cucumber.junit.UndefinedStepException: The step &quot;busca arandanos y selecciona frutas y verduras en la categoria&quot; is undefined. You can implement it using the snippet(s) below:

@Cuando(&quot;busca arandanos y selecciona frutas y verduras en la categoria&quot;)
public void buscaArandanosYSeleccionaFrutasYVerdurasEnLaCategoria() {
    // Write code here that turns the phrase above into concrete actions
    throw new io.cucumber.java.PendingException();
}


Some other steps were also undefined:

@Cuando(&quot;selecciona uno de ellos, va al carrito y modifica su cantidad&quot;)
public void seleccionaUnoDeEllosVaAlCarritoYModificaSuCantidad() {
    // Write code here that turns the phrase above into concrete actions
    throw new io.cucumber.java.PendingException();
}
@Cuando(&quot;continua con el proceso, llenando el formulario y da click en realizar pedido&quot;)
public void continuaConElProcesoLlenandoElFormularioYDaClickEnRealizarPedido() {
    // Write code here that turns the phrase above into concrete actions
    throw new io.cucumber.java.PendingException();
}
@Entonces(&quot;sale un mensaje de gracias por su compra un numero de orden y un mensaje de envío por email&quot;)
public void saleUnMensajeDeGraciasPorSuCompraUnNumeroDeOrdenYUnMensajeDeEnvíoPorEmail() {
    // Write code here that turns the phrase above into concrete actions
    throw new io.cucumber.java.PendingException();
}

</failure>
    <failure message="io.cucumber.junit.UndefinedStepException: The step &quot;selecciona uno de ellos, va al carrito y modifica su cantidad&quot; is undefined. You can implement it using the snippet(s) below:&#10;&#10;@Cuando(&quot;selecciona uno de ellos, va al carrito y modifica su cantidad&quot;)&#10;public void seleccionaUnoDeEllosVaAlCarritoYModificaSuCantidad() {&#10;    // Write code here that turns the phrase above into concrete actions&#10;    throw new io.cucumber.java.PendingException();&#10;}&#10;&#10;&#10;Some other steps were also undefined:&#10;&#10;@Cuando(&quot;continua con el proceso, llenando el formulario y da click en realizar pedido&quot;)&#10;public void continuaConElProcesoLlenandoElFormularioYDaClickEnRealizarPedido() {&#10;    // Write code here that turns the phrase above into concrete actions&#10;    throw new io.cucumber.java.PendingException();&#10;}&#10;@Entonces(&quot;sale un mensaje de gracias por su compra un numero de orden y un mensaje de envío por email&quot;)&#10;public void saleUnMensajeDeGraciasPorSuCompraUnNumeroDeOrdenYUnMensajeDeEnvíoPorEmail() {&#10;    // Write code here that turns the phrase above into concrete actions&#10;    throw new io.cucumber.java.PendingException();&#10;}&#10;" type="io.cucumber.junit.UndefinedStepException">io.cucumber.junit.UndefinedStepException: The step &quot;selecciona uno de ellos, va al carrito y modifica su cantidad&quot; is undefined. You can implement it using the snippet(s) below:

@Cuando(&quot;selecciona uno de ellos, va al carrito y modifica su cantidad&quot;)
public void seleccionaUnoDeEllosVaAlCarritoYModificaSuCantidad() {
    // Write code here that turns the phrase above into concrete actions
    throw new io.cucumber.java.PendingException();
}


Some other steps were also undefined:

@Cuando(&quot;continua con el proceso, llenando el formulario y da click en realizar pedido&quot;)
public void continuaConElProcesoLlenandoElFormularioYDaClickEnRealizarPedido() {
    // Write code here that turns the phrase above into concrete actions
    throw new io.cucumber.java.PendingException();
}
@Entonces(&quot;sale un mensaje de gracias por su compra un numero de orden y un mensaje de envío por email&quot;)
public void saleUnMensajeDeGraciasPorSuCompraUnNumeroDeOrdenYUnMensajeDeEnvíoPorEmail() {
    // Write code here that turns the phrase above into concrete actions
    throw new io.cucumber.java.PendingException();
}

</failure>
    <failure message="io.cucumber.junit.UndefinedStepException: The step &quot;continua con el proceso, llenando el formulario y da click en realizar pedido&quot; is undefined. You can implement it using the snippet(s) below:&#10;&#10;@Cuando(&quot;continua con el proceso, llenando el formulario y da click en realizar pedido&quot;)&#10;public void continuaConElProcesoLlenandoElFormularioYDaClickEnRealizarPedido() {&#10;    // Write code here that turns the phrase above into concrete actions&#10;    throw new io.cucumber.java.PendingException();&#10;}&#10;&#10;&#10;Some other steps were also undefined:&#10;&#10;@Entonces(&quot;sale un mensaje de gracias por su compra un numero de orden y un mensaje de envío por email&quot;)&#10;public void saleUnMensajeDeGraciasPorSuCompraUnNumeroDeOrdenYUnMensajeDeEnvíoPorEmail() {&#10;    // Write code here that turns the phrase above into concrete actions&#10;    throw new io.cucumber.java.PendingException();&#10;}&#10;" type="io.cucumber.junit.UndefinedStepException">io.cucumber.junit.UndefinedStepException: The step &quot;continua con el proceso, llenando el formulario y da click en realizar pedido&quot; is undefined. You can implement it using the snippet(s) below:

@Cuando(&quot;continua con el proceso, llenando el formulario y da click en realizar pedido&quot;)
public void continuaConElProcesoLlenandoElFormularioYDaClickEnRealizarPedido() {
    // Write code here that turns the phrase above into concrete actions
    throw new io.cucumber.java.PendingException();
}


Some other steps were also undefined:

@Entonces(&quot;sale un mensaje de gracias por su compra un numero de orden y un mensaje de envío por email&quot;)
public void saleUnMensajeDeGraciasPorSuCompraUnNumeroDeOrdenYUnMensajeDeEnvíoPorEmail() {
    // Write code here that turns the phrase above into concrete actions
    throw new io.cucumber.java.PendingException();
}

</failure>
    <failure message="io.cucumber.junit.UndefinedStepException: The step &quot;sale un mensaje de gracias por su compra un numero de orden y un mensaje de envío por email&quot; is undefined. You can implement it using the snippet(s) below:&#10;&#10;@Entonces(&quot;sale un mensaje de gracias por su compra un numero de orden y un mensaje de envío por email&quot;)&#10;public void saleUnMensajeDeGraciasPorSuCompraUnNumeroDeOrdenYUnMensajeDeEnvíoPorEmail() {&#10;    // Write code here that turns the phrase above into concrete actions&#10;    throw new io.cucumber.java.PendingException();&#10;}&#10;" type="io.cucumber.junit.UndefinedStepException">io.cucumber.junit.UndefinedStepException: The step &quot;sale un mensaje de gracias por su compra un numero de orden y un mensaje de envío por email&quot; is undefined. You can implement it using the snippet(s) below:

@Entonces(&quot;sale un mensaje de gracias por su compra un numero de orden y un mensaje de envío por email&quot;)
public void saleUnMensajeDeGraciasPorSuCompraUnNumeroDeOrdenYUnMensajeDeEnvíoPorEmail() {
    // Write code here that turns the phrase above into concrete actions
    throw new io.cucumber.java.PendingException();
}

</failure>
  </testcase>
  <system-out><![CDATA[]]></system-out>
  <system-err><![CDATA[Starting ChromeDriver 111.0.5563.64 (c710e93d5b63b7095afe8c2c17df34408078439d-refs/branch-heads/5563@{#995}) on port 18934
Only local connections are allowed.
Please see https://chromedriver.chromium.org/security-considerations for suggestions on keeping ChromeDriver safe.
ChromeDriver was started successfully.
mar. 30, 2023 10:08:15 A. M. org.openqa.selenium.remote.ProtocolHandshake createSession
INFORMACIÓN: Detected dialect: W3C
mar. 30, 2023 10:08:15 A. M. org.openqa.selenium.remote.DesiredCapabilities chrome
INFORMACIÓN: Using `new ChromeOptions()` is preferred to `DesiredCapabilities.chrome()`
Starting ChromeDriver 111.0.5563.64 (c710e93d5b63b7095afe8c2c17df34408078439d-refs/branch-heads/5563@{#995}) on port 42869
Only local connections are allowed.
Please see https://chromedriver.chromium.org/security-considerations for suggestions on keeping ChromeDriver safe.
ChromeDriver was started successfully.
mar. 30, 2023 10:08:20 A. M. org.openqa.selenium.remote.ProtocolHandshake createSession
INFORMACIÓN: Detected dialect: W3C
]]></system-err>
</testsuite>
