<?xml version="1.0" encoding="UTF-8"?>
<testsuite name="com.sofkau.runners.RegistroTest" tests="0" skipped="0" failures="0" errors="0" timestamp="1970-01-01T00:00:00" hostname="LAPTOP-87LGHN0U" time="0.0">
  <properties/>
  <system-out><![CDATA[
?[33mUndefined scenarios:?[0m
?[33mfile:///C:/Users/ivan0/Downloads/AutomatizacionVaquita/AutomatizacionLaVaquita/AutomatizacionLaVaquita/src/test/resources/features/comprar.feature:16?[0m# Compra de productos

1 Scenarios (?[33m1 undefined?[0m)
6 Steps (?[33m4 undefined?[0m, ?[32m2 passed?[0m)
0m19,017s


You can implement missing steps with the snippets below:

@Cuando("busca arandanos y selecciona frutas y verduras en la categoria")
public void buscaArandanosYSeleccionaFrutasYVerdurasEnLaCategoria() {
    // Write code here that turns the phrase above into concrete actions
    throw new io.cucumber.java.PendingException();
}

@Cuando("selecciona uno de ellos, va al carrito y modifica su cantidad")
public void seleccionaUnoDeEllosVaAlCarritoYModificaSuCantidad() {
    // Write code here that turns the phrase above into concrete actions
    throw new io.cucumber.java.PendingException();
}

@Cuando("continua con el proceso, llenando el formulario y da click en realizar pedido")
public void continuaConElProcesoLlenandoElFormularioYDaClickEnRealizarPedido() {
    // Write code here that turns the phrase above into concrete actions
    throw new io.cucumber.java.PendingException();
}

@Entonces("sale un mensaje de gracias por su compra un numero de orden y un mensaje de envío por email")
public void saleUnMensajeDeGraciasPorSuCompraUnNumeroDeOrdenYUnMensajeDeEnvíoPorEmail() {
    // Write code here that turns the phrase above into concrete actions
    throw new io.cucumber.java.PendingException();
}


]]></system-out>
  <system-err><![CDATA[SLF4J: No SLF4J providers were found.
SLF4J: Defaulting to no-operation (NOP) logger implementation
SLF4J: See https://www.slf4j.org/codes.html#noProviders for further details.
SLF4J: Class path contains SLF4J bindings targeting slf4j-api versions 1.7.x or earlier.
SLF4J: Ignoring binding found at [jar:file:/C:/Users/ivan0/.gradle/caches/modules-2/files-2.1/org.slf4j/slf4j-nop/1.7.28/e427e2f69d0a8508994e0a754a44d5212fa38b56/slf4j-nop-1.7.28.jar!/org/slf4j/impl/StaticLoggerBinder.class]
SLF4J: See https://www.slf4j.org/codes.html#ignoredBindings for an explanation.
]]></system-err>
</testsuite>
